<?xml version="1.0" encoding="UTF-8"?>
<testsuite xmlns:xsi="http://www.w3.org/2001/XMLSchema-instance" xsi:noNamespaceSchemaLocation="https://maven.apache.org/surefire/maven-surefire-plugin/xsd/surefire-test-report-3.0.xsd" version="3.0" name="com.bfsi.jpmc.service.ProcessPaymentsInputDataTest" time="1.73" tests="11" errors="0" skipped="0" failures="0">
  <properties>
[...]
</properties>
  <testcase name="testSpecialCharacters" classname="com.bfsi.jpmc.service.ProcessPaymentsInputDataTest" time="1.559">
    <system-out><![CDATA[14:31:31.033 [main] WARN com.bfsi.jpmc.service.ProcessPaymentsInputData -- Row 0 format COMPACT_TXT missing fields: Payment Method Missing, Debit Date Missing, Currency Missing, Debit Account Missing, 
]]></system-out>
  </testcase>
  <testcase name="testProcessGenericRecord_ExpandedHashInvalid" classname="com.bfsi.jpmc.service.ProcessPaymentsInputDataTest" time="0.014">
    <system-out><![CDATA[14:31:31.064 [main] WARN com.bfsi.jpmc.service.ProcessPaymentsInputData -- Row 0 format EXPANDED_TXT missing fields: Payment Method Missing, Debit Date Missing, Debit Account Missing, 
]]></system-out>
  </testcase>
  <testcase name="testProcessGenericRecord_ExpandedHashValid" classname="com.bfsi.jpmc.service.ProcessPaymentsInputDataTest" time="0.025"/>
  <testcase name="testNegative_MissingMandatory" classname="com.bfsi.jpmc.service.ProcessPaymentsInputDataTest" time="0.005">
    <system-out><![CDATA[14:31:31.101 [main] WARN com.bfsi.jpmc.service.ProcessPaymentsInputData -- Row 0 format COMPACT_TXT missing fields: Payment Method Missing, Debit Date Missing, Currency Missing, Amount Missing, Debit Account Missing, 
]]></system-out>
  </testcase>
  <testcase name="testProcessGenericRecord_ExpandedExcelValid" classname="com.bfsi.jpmc.service.ProcessPaymentsInputDataTest" time="0.012"/>
  <testcase name="testProcessGenericRecord_CompactInvalid" classname="com.bfsi.jpmc.service.ProcessPaymentsInputDataTest" time="0.008">
    <system-out><![CDATA[14:31:31.123 [main] WARN com.bfsi.jpmc.service.ProcessPaymentsInputData -- Row 0 format COMPACT_TXT missing fields: Payment Method Missing, Debit Date Missing, Currency Missing, Amount Missing, 
]]></system-out>
  </testcase>
  <testcase name="testIntegrityAcrossAllPossibilities" classname="com.bfsi.jpmc.service.ProcessPaymentsInputDataTest" time="0.028"/>
  <testcase name="testProcessGenericRecord_CompactValid" classname="com.bfsi.jpmc.service.ProcessPaymentsInputDataTest" time="0.008"/>
  <testcase name="testEmptyRowDetection" classname="com.bfsi.jpmc.service.ProcessPaymentsInputDataTest" time="0.007"/>
  <testcase name="testInvalidBIC" classname="com.bfsi.jpmc.service.ProcessPaymentsInputDataTest" time="0.011">
    <system-out><![CDATA[14:31:31.178 [main] WARN com.bfsi.jpmc.service.ProcessPaymentsInputData -- Row 0 format COMPACT_TXT missing fields: Payment Method Missing, Debit Date Missing, Currency Missing, 
]]></system-out>
  </testcase>
  <testcase name="testPrecisionLargeAmount" classname="com.bfsi.jpmc.service.ProcessPaymentsInputDataTest" time="0.003">
    <system-out><![CDATA[14:31:31.183 [main] WARN com.bfsi.jpmc.service.ProcessPaymentsInputData -- Row 0 format COMPACT_TXT missing fields: Country Code Missing, Payment Method Missing, Debit Date Missing, Currency Missing, Debit Account Missing, 
]]></system-out>
  </testcase>
</testsuite>